This is pdfTeX, Version 3.14159265-2.6-1.40.21 (TeX Live 2020/W32TeX) (preloaded format=pdflatex 2020.6.14)  26 MAY 2021 23:42
entering extended mode
 restricted \write18 enabled.
 %&-line parsing enabled.
**commands.tex
(./commands.tex
LaTeX2e <2020-02-02> patch level 5
L3 programming layer <2020-06-03>)
! Emergency stop.
<*> commands.tex
                
*** (job aborted, no legal \end found)

 
Here is how much of TeX's memory you used:
 22 strings out of 480478
 451 string characters out of 5903485
 239149 words of memory out of 5000000
 16148 multiletter control sequences out of 15000+600000
 532338 words of font info for 24 fonts, out of 8000000 for 9000
 1141 hyphenation exceptions out of 8191
 12i,0n,15p,91b,8s stack positions out of 5000i,500n,10000p,200000b,80000s
!  ==> Fatal error occurred, no output PDF file produced!
